<?xml version="1.0" encoding="UTF-8" ?>
<testsuite tests="6" failures="0" name="org.jbpt.pm.test.ExampleTest" time="16.131" errors="0" skipped="0">
  <properties>
[...]
</properties>
  <testcase classname="org.jbpt.pm.test.ExampleTest" name="org.jbpt.pm.test.ExampleTest.testSimpleExampleFromPaperModel1L3" time="3.895"/>
  <testcase classname="org.jbpt.pm.test.ExampleTest" name="org.jbpt.pm.test.ExampleTest.testSimpleExampleFromPaperModel2L3" time="2.37"/>
  <testcase classname="org.jbpt.pm.test.ExampleTest" name="org.jbpt.pm.test.ExampleTest.testSimpleExampleFromPaperModel2L2" time="2.55"/>
  <testcase classname="org.jbpt.pm.test.ExampleTest" name="org.jbpt.pm.test.ExampleTest.testSimpleExampleFromPaperModel1L2" time="2.696"/>
  <testcase classname="org.jbpt.pm.test.ExampleTest" name="org.jbpt.pm.test.ExampleTest.testSimpleExampleFromPaperModel2L1" time="3.003"/>
  <testcase classname="org.jbpt.pm.test.ExampleTest" name="org.jbpt.pm.test.ExampleTest.testSimpleExampleFromPaperModel1L1" time="1.617"/>
</testsuite>